"Shall 1
And 3
But 1
By 1
Day?" 1
I 2
May, 1
Nor 2
Rough 1
Shakespeare 1
Shall 1
So 2
Sometime 1
Summer's 1
Thou 1
Time 1
When 1
William 1
a 3
all 1
and 2
art 1
as 1
brag 1
breathe, 1
buds 1
by 1
can 2
chance, 1
changing 1
compare 2
complexion 1
course, 1
darling 1
date. 1
day? 1
death 1
declines, 1
dimmed; 1
do 1
eternal 2
every 1
eye 1
eyes 1
fade, 1
fair 3
from 1
gives 1
gold 1
grow’st. 1
hath 1
heaven 1
his 2
hot 1
in 2
is 1
lease 1
life 1
lines 1
lives 1
long 2
lose 1
lovely 1
men 1
more 2
nature’s 1
not 1
of 3
often 1
or 2
ow’st, 1
possession 1
see, 1
shade, 1
shake 1
shall 2
shines, 1
short 1
sometime 1
summer 1
summer’s 2
temperate. 1
that 1
the 2
thee 2
thee. 1
this 1
this, 1
thou 3
thy 1
to 4
too 2
untrimmed; 1
wand’rest 1
winds 1

to 4
And 3
a 3
fair 3
of 3
thou 3
too 2
can 2
compare 2
eternal 2
Nor 2
his 2
in 2
long 2
more 2
So 2
or 2
shall 2
summer’s 2
the 2
thee 2
I 2
and 2
"Shall 1
breathe, 1
buds 1
by 1
By 1
chance, 1
changing 1
Rough 1
complexion 1
course, 1
darling 1
date. 1
day? 1
death 1
declines, 1
dimmed; 1
do 1
Shakespeare 1
every 1
eye 1
eyes 1
fade, 1
Shall 1
from 1
gives 1
gold 1
grow’st. 1
hath 1
heaven 1
Day?" 1
hot 1
Sometime 1
is 1
lease 1
life 1
lines 1
lives 1
Summer's 1
lose 1
lovely 1
men 1
Thou 1
nature’s 1
not 1
Time 1
often 1
When 1
ow’st, 1
possession 1
see, 1
shade, 1
shake 1
William 1
shines, 1
short 1
sometime 1
summer 1
But 1
temperate. 1
that 1
all 1
May, 1
thee. 1
this 1
this, 1
art 1
thy 1
as 1
brag 1
untrimmed; 1
wand’rest 1
winds 1
